 2025-10-23 18:23:58 | INFO     | utils.logger: configurar_logger:64 - Logger configurado em nível INFO. Arquivo: logs\execucao.log
 2025-10-23 18:23:58 | INFO     | __main__: executar_otimizacao:41 - 🚀 Iniciando processo de otimização e engajamento...

 2025-10-23 18:23:58 | ERROR    | __main__: main:64 - Erro inesperado: name 'df' is not defined
Traceback (most recent call last):

  File "C:\Users\Usuario\OneDrive\Documentos\Trabalho\ia_midia_project\main.py", line 67, in <module>
    main()
    └ <function main at 0x0000024F7205ECA0>

> File "C:\Users\Usuario\OneDrive\Documentos\Trabalho\ia_midia_project\main.py", line 58, in main
    executar_otimizacao(df)
    │                   └ None
    └ <function executar_otimizacao at 0x0000024F7205ED40>

  File "C:\Users\Usuario\OneDrive\Documentos\Trabalho\ia_midia_project\main.py", line 43, in executar_otimizacao
    modelo, r2, = prever_engajamento(df, plot=True)
                  └ <function prever_engajamento at 0x0000024F57201E40>

NameError: name 'df' is not defined
 2025-10-24 10:42:19 | INFO     | utils.logger: configurar_logger:64 - Logger configurado em nível INFO. Arquivo: logs\execucao.log
 2025-10-24 10:42:19 | INFO     | __main__: executar_otimizacao:41 - 🚀 Iniciando processo de otimização e engajamento...

 2025-10-24 10:42:19 | ERROR    | __main__: main:66 - Erro inesperado: 'NoneType' object has no attribute 'columns'
Traceback (most recent call last):

  File "C:\Users\Usuario\OneDrive\Documentos\Trabalho\ia_midia_project\main.py", line 69, in <module>
    main()
    └ <function main at 0x000002ABD3786CA0>

> File "C:\Users\Usuario\OneDrive\Documentos\Trabalho\ia_midia_project\main.py", line 60, in main
    executar_otimizacao(df)
    │                   └ None
    └ <function executar_otimizacao at 0x000002ABD3786D40>

  File "C:\Users\Usuario\OneDrive\Documentos\Trabalho\ia_midia_project\main.py", line 43, in executar_otimizacao
    modelo, r2 = prever_engajamento(df, plot=True)
                 │                  └ None
                 └ <function prever_engajamento at 0x000002ABB8985E40>

  File "C:\Users\Usuario\OneDrive\Documentos\Trabalho\ia_midia_project\modules\otimizacao_engajamento.py", line 27, in prever_engajamento
    if col not in df.columns:
       │          └ None
       └ 'hora_postagem'

AttributeError: 'NoneType' object has no attribute 'columns'
 2025-10-24 10:44:48 | INFO     | utils.logger: configurar_logger:64 - Logger configurado em nível INFO. Arquivo: logs\execucao.log
 2025-10-24 10:44:48 | INFO     | __main__: carregar_dados:34 -  Dados carregados com sucesso! (5 registros)
 2025-10-24 10:44:48 | INFO     | __main__: executar_otimizacao:41 - 🚀 Iniciando processo de otimização e engajamento...

 2025-10-24 15:31:38 | INFO     | __main__: executar_otimizacao:44 - Acurácia R² do modelo: -761.385
 2025-10-24 15:31:38 | WARNING  | __main__: executar_otimizacao:47 - Resultado negativo indica que o modelo ainda precisa de ajustes.
 2025-10-28 11:11:48 | INFO     | utils.logger: configurar_logger:64 - Logger configurado em nível INFO. Arquivo: logs\execucao.log
 2025-10-28 11:12:05 | WARNING  | __main__: coletar_dados_instagram:40 - Não foi possível coletar dados do Instagram: JSON Query to graphql/query: 401 Unauthorized - "fail" status, message "Please wait a few minutes before you try again." when accessing https://www.instagram.com/graphql/query?variables=%7B%22data%22%3A%7B%22count%22%3A12%2C%22include_relationship_info%22%3Atrue%2C%22latest_besties_reel_media%22%3Atrue%2C%22latest_reel_media%22%3Atrue%7D%2C%22username%22%3A%22thoughtsunfolded_mdf%22%2C%22__relay_internal__pv__PolarisFeedShareMenurelayprovider%22%3Afalse%7D&doc_id=7898261790222653&server_timestamps=true
 2025-10-28 11:12:06 | INFO     | __main__: carregar_dados:56 -  Dados carregados com sucesso! (5 registros)
 2025-10-28 11:12:06 | INFO     | __main__: executar_otimizacao:63 - 🚀 Iniciando processo de otimização e engajamento...

 2025-10-28 11:12:24 | INFO     | __main__: executar_otimizacao:66 - Acurácia R² do modelo: -761.385
 2025-10-28 11:12:24 | WARNING  | __main__: executar_otimizacao:69 - Resultado negativo indica que o modelo ainda precisa de ajustes.
 2025-10-30 10:06:11 | INFO     | utils.logger: configurar_logger:61 - Logger configurado em nível INFO. Arquivo: logs\execucao.log
 2025-10-30 10:06:13 | WARNING  | __main__: coletar_dados_instagram:51 - Não foi possível coletar dados do Instagram: Login error: "fail" status, message "".
 2025-10-30 10:06:13 | INFO     | __main__: carregar_dados:68 -  Dados carregados com sucesso! (5 registros)
 2025-10-30 10:06:13 | INFO     | __main__: executar_otimizacao:76 - 🚀 Iniciando processo de otimização e engajamento...

 2025-10-30 10:19:57 | INFO     | utils.logger: configurar_logger:61 - Logger configurado em nível INFO. Arquivo: logs\execucao.log
 2025-10-30 10:20:01 | WARNING  | __main__: coletar_dados_instagram:51 - Não foi possível coletar dados do Instagram: Login error: "fail" status, message "".
 2025-10-30 10:20:01 | INFO     | __main__: carregar_dados:68 -  Dados carregados com sucesso! (5 registros)
 2025-10-30 10:20:01 | INFO     | __main__: executar_otimizacao:76 - 🚀 Iniciando processo de otimização e engajamento...

 2025-10-30 13:49:26 | INFO     | __main__: executar_otimizacao:79 - Acurácia R² do modelo: -761.385
 2025-10-30 13:49:26 | WARNING  | __main__: executar_otimizacao:82 - Resultado negativo indica que o modelo ainda precisa de ajustes.
 2025-10-30 14:19:04 | INFO     | utils.logger: configurar_logger:61 - Logger configurado em nível INFO. Arquivo: logs\execucao.log
 2025-10-30 14:19:06 | WARNING  | __main__: coletar_dados_instagram:51 - Não foi possível coletar dados do Instagram: Login error: "fail" status, message "".
 2025-10-30 14:19:06 | INFO     | __main__: carregar_dados:68 -  Dados carregados com sucesso! (5 registros)
 2025-10-30 14:19:06 | INFO     | __main__: executar_otimizacao:76 - 🚀 Iniciando processo de otimização e engajamento...

 2025-10-30 14:49:15 | INFO     | utils.logger: configurar_logger:61 - Logger configurado em nível INFO. Arquivo: logs\execucao.log
 2025-10-30 14:49:16 | WARNING  | __main__: coletar_dados_instagram:51 - Não foi possível coletar dados do Instagram: Login error: "fail" status, message "".
 2025-10-30 14:49:16 | INFO     | __main__: carregar_dados:68 -  Dados carregados com sucesso! (5 registros)
 2025-10-30 14:49:16 | INFO     | __main__: executar_otimizacao:76 - 🚀 Iniciando processo de otimização e engajamento...

 2025-10-30 14:49:36 | INFO     | __main__: executar_otimizacao:79 - Acurácia R² do modelo: -761.385
 2025-10-30 14:49:36 | WARNING  | __main__: executar_otimizacao:82 - Resultado negativo indica que o modelo ainda precisa de ajustes.
 2025-10-30 15:13:30 | INFO     | utils.logger: configurar_logger:61 - Logger configurado em nível INFO. Arquivo: logs\execucao.log
 2025-10-30 15:13:34 | WARNING  | __main__: coletar_dados_instagram:54 - Não foi possível coletar dados do Instagram: Login error: "fail" status, message "".
 2025-10-30 15:13:34 | INFO     | __main__: carregar_dados:71 - 📊 Dados carregados com sucesso! (5 registros)
 2025-10-30 15:13:34 | INFO     | __main__: executar_otimizacao:79 - 🚀 Iniciando processo de otimização e engajamento...

 2025-10-30 15:13:38 | INFO     | __main__: executar_otimizacao:82 - Acurácia R² do modelo: -761.385
 2025-10-30 15:13:38 | WARNING  | __main__: executar_otimizacao:85 - Resultado negativo indica que o modelo ainda precisa de ajustes.
 2025-10-30 19:00:01 | INFO     | __main__: executar_otimizacao:79 - Acurácia R² do modelo: -761.385
 2025-10-30 19:00:01 | WARNING  | __main__: executar_otimizacao:82 - Resultado negativo indica que o modelo ainda precisa de ajustes.
 2025-10-31 09:45:38 | INFO     | utils.logger: configurar_logger:61 - Logger configurado em nível INFO. Arquivo: logs\execucao.log
 2025-10-31 09:45:41 | WARNING  | __main__: coletar_dados_instagram:54 - Não foi possível coletar dados do Instagram: Login error: "fail" status, message "".
 2025-10-31 09:45:41 | INFO     | __main__: carregar_dados:71 - 📊 Dados carregados com sucesso! (5 registros)
 2025-10-31 09:45:41 | INFO     | __main__: executar_otimizacao:79 - 🚀 Iniciando processo de otimização e engajamento...

 2025-10-31 09:45:46 | INFO     | __main__: executar_otimizacao:82 - Acurácia R² do modelo: -761.385
 2025-10-31 09:45:46 | WARNING  | __main__: executar_otimizacao:85 - Resultado negativo indica que o modelo ainda precisa de ajustes.
 2025-11-03 03:22:27 | INFO     | utils.logger: configurar_logger:61 - Logger configurado em nível INFO. Arquivo: logs\execucao.log
 2025-11-03 03:22:34 | WARNING  | __main__: coletar_dados_instagram:54 - Não foi possível coletar dados do Instagram: JSON Query to graphql/query: 401 Unauthorized - "fail" status, message "Please wait a few minutes before you try again." when accessing https://www.instagram.com/graphql/query?variables=%7B%22data%22%3A%7B%22count%22%3A12%2C%22include_relationship_info%22%3Atrue%2C%22latest_besties_reel_media%22%3Atrue%2C%22latest_reel_media%22%3Atrue%7D%2C%22username%22%3A%22perfil_exemplo%22%2C%22__relay_internal__pv__PolarisFeedShareMenurelayprovider%22%3Afalse%7D&doc_id=7898261790222653&server_timestamps=true
 2025-11-03 03:22:34 | INFO     | __main__: carregar_dados:71 - 📊 Dados carregados com sucesso! (5 registros)
 2025-11-03 03:22:34 | INFO     | __main__: executar_otimizacao:79 - 🚀 Iniciando processo de otimização e engajamento...

 2025-11-03 03:40:28 | INFO     | __main__: executar_otimizacao:82 - Acurácia R² do modelo: -761.385
 2025-11-03 03:40:28 | WARNING  | __main__: executar_otimizacao:85 - Resultado negativo indica que o modelo ainda precisa de ajustes.
